Arguments: 
  /home/sajeel/.nvm/versions/node/v14.17.4/bin/node /home/sajeel/.nvm/versions/node/v14.17.4/bin/yarn add graphq-request graphql

PATH: 
  /home/sajeel/.nvm/versions/node/v14.17.4/bin:/home/sajeel/.cargo/bin:/usr/local/sbin:/usr/local/bin:/usr/sbin:/usr/bin:/sbin:/bin:/usr/games:/usr/local/games:/snap/bin:/snap/bin:/usr/local/go/bin:/usr/local/go/bin:/usr/local/go/bin:/usr/local/go/bin

Yarn version: 
  1.22.11

Node version: 
  14.17.4

Platform: 
  linux x64

Trace: 
  Error: https://registry.yarnpkg.com/graphq-request: Not found
      at Request.params.callback [as _callback] (/home/sajeel/.nvm/versions/node/v14.17.4/lib/node_modules/yarn/lib/cli.js:66992:18)
      at Request.self.callback (/home/sajeel/.nvm/versions/node/v14.17.4/lib/node_modules/yarn/lib/cli.js:140763:22)
      at Request.emit (events.js:400:28)
      at Request.<anonymous> (/home/sajeel/.nvm/versions/node/v14.17.4/lib/node_modules/yarn/lib/cli.js:141735:10)
      at Request.emit (events.js:400:28)
      at IncomingMessage.<anonymous> (/home/sajeel/.nvm/versions/node/v14.17.4/lib/node_modules/yarn/lib/cli.js:141657:12)
      at Object.onceWrapper (events.js:519:28)
      at IncomingMessage.emit (events.js:412:35)
      at endReadableNT (internal/streams/readable.js:1317:12)
      at processTicksAndRejections (internal/process/task_queues.js:82:21)

npm manifest: 
  No manifest

yarn manifest: 
  No manifest

Lockfile: 
  No lockfile
